<?xml version="1.0" encoding="UTF-8"?>
<!-- Generated by org.testng.reporters.JUnitXMLReporter -->
<testsuite ignored="0" hostname="TestVagrants-MacBook-Pro.local" failures="0" tests="9" name="ChromeTest" time="87.049" errors="0" timestamp="2024-10-14T11:27:05 IST">
  <testcase classname="com.automation.Automation2.dragAndDrop" name="dragAndDrop" time="2.95"/>
  <testcase classname="com.automation.Automation2.dragandDropMultiple" name="dragandDropMultiple" time="3.21"/>
  <testcase classname="com.automation.Automation2.fileUploadPopup" name="fileUploadPopup" time="4.198"/>
  <testcase classname="com.automation.Automation2.HiddenDivision" name="HiddenDivision" time="3.608"/>
  <testcase classname="com.automation.Automation2.scrollingToElement" name="scrollingToElement" time="4.034"/>
  <testcase classname="com.automation.Automation2.HandlingVideo" name="HandlingVideo" time="5.72"/>
  <testcase classname="com.automation.Automation2.slideBar" name="slideBar" time="3.703"/>
  <testcase classname="com.automation.Automation2.toolTipUsingMouseHover" name="toolTipUsingMouseHover" time="3.109"/>
  <testcase classname="com.automation.Automation2.mouseHover" name="mousehover" time="14.026"/>
</testsuite> <!-- ChromeTest -->
