<?xml version="1.0" encoding="UTF-8"?>
<!-- Generated by org.testng.reporters.JUnitXMLReporter -->
<testsuite ignored="0" hostname="Testvagrants-MacBook-Pro-3.local" failures="1" tests="9" name="Firefoxtest" time="268.974" errors="0" timestamp="2024-10-03T23:11:57 IST">
  <testcase classname="com.automation.Automation2.dragAndDrop" name="dragAndDrop" time="4.894"/>
  <testcase classname="com.automation.Automation2.dragandDropMultiple" name="dragandDropMultiple" time="20.135"/>
  <testcase classname="com.automation.Automation2.fileUploadPopup" name="fileUploadPopup" time="4.561">
    <failure type="org.openqa.selenium.InvalidArgumentException" message="invalid argument: File not found : /Users/testvagrant/eclipse-workspace/Automation2/./Data/Arjun R Resume.docx
  (Session info: chrome=129.0.6668.89)
Build info: version: &amp;apos;4.20.0&amp;apos;, revision: &amp;apos;866c76ca80&amp;apos;
System info: os.name: &amp;apos;Mac OS X&amp;apos;, os.arch: &amp;apos;x86_64&amp;apos;, os.version: &amp;apos;15.0&amp;apos;, java.version: &amp;apos;23&amp;apos;
Driver info: org.openqa.selenium.chrome.ChromeDriver
Command: [09aaa3ffd51c2f65f3827e603ea3e093, sendKeysToElement {id=f.09BE50698391C0A978DED098C53D131B.d.04E1E06E179E7094C634941CD4261774.e.74, value=[Ljava.lang.CharSequence;@15d42ccb}]
Capabilities {acceptInsecureCerts: false, browserName: chrome, browserVersion: 129.0.6668.89, chrome: {chromedriverVersion: 129.0.6668.89 (951c0b97221f..., userDataDir: /var/folders/hz/1tg112kn46q...}, fedcm:accounts: true, goog:chromeOptions: {debuggerAddress: localhost:54373}, networkConnectionEnabled: false, pageLoadStrategy: normal, platformName: mac, proxy: Proxy(), se:cdp: ws://localhost:54373/devtoo..., se:cdpVersion: 129.0.6668.89, setWindowRect: true, strictFileInteractability: false, timeouts: {implicit: 0, pageLoad: 300000, script: 30000}, unhandledPromptBehavior: dismiss and notify, webauthn:extension:credBlob: true, webauthn:extension:largeBlob: true, webauthn:extension:minPinLength: true, webauthn:extension:prf: true, webauthn:virtualAuthenticators: true}
Element: [[ChromeDriver: chrome on mac (09aaa3ffd51c2f65f3827e603ea3e093)] -&amp;gt; id: fileInput]
Session ID: 09aaa3ffd51c2f65f3827e603ea3e093">
      <![CDATA[org.openqa.selenium.InvalidArgumentException: invalid argument: File not found : /Users/testvagrant/eclipse-workspace/Automation2/./Data/Arjun R Resume.docx
  (Session info: chrome=129.0.6668.89)
Build info: version: '4.20.0', revision: '866c76ca80'
System info: os.name: 'Mac OS X', os.arch: 'x86_64', os.version: '15.0', java.version: '23'
Driver info: org.openqa.selenium.chrome.ChromeDriver
Command: [09aaa3ffd51c2f65f3827e603ea3e093, sendKeysToElement {id=f.09BE50698391C0A978DED098C53D131B.d.04E1E06E179E7094C634941CD4261774.e.74, value=[Ljava.lang.CharSequence;@15d42ccb}]
Capabilities {acceptInsecureCerts: false, browserName: chrome, browserVersion: 129.0.6668.89, chrome: {chromedriverVersion: 129.0.6668.89 (951c0b97221f..., userDataDir: /var/folders/hz/1tg112kn46q...}, fedcm:accounts: true, goog:chromeOptions: {debuggerAddress: localhost:54373}, networkConnectionEnabled: false, pageLoadStrategy: normal, platformName: mac, proxy: Proxy(), se:cdp: ws://localhost:54373/devtoo..., se:cdpVersion: 129.0.6668.89, setWindowRect: true, strictFileInteractability: false, timeouts: {implicit: 0, pageLoad: 300000, script: 30000}, unhandledPromptBehavior: dismiss and notify, webauthn:extension:credBlob: true, webauthn:extension:largeBlob: true, webauthn:extension:minPinLength: true, webauthn:extension:prf: true, webauthn:virtualAuthenticators: true}
Element: [[ChromeDriver: chrome on mac (09aaa3ffd51c2f65f3827e603ea3e093)] -> id: fileInput]
Session ID: 09aaa3ffd51c2f65f3827e603ea3e093
at org.openqa.selenium.remote.ErrorCodec.decode(ErrorCodec.java:167)
at org.openqa.selenium.remote.codec.w3c.W3CHttpResponseCodec.decode(W3CHttpResponseCodec.java:138)
at org.openqa.selenium.remote.codec.w3c.W3CHttpResponseCodec.decode(W3CHttpResponseCodec.java:50)
at org.openqa.selenium.remote.HttpCommandExecutor.execute(HttpCommandExecutor.java:190)
at org.openqa.selenium.remote.service.DriverCommandExecutor.invokeExecute(DriverCommandExecutor.java:216)
at org.openqa.selenium.remote.service.DriverCommandExecutor.execute(DriverCommandExecutor.java:174)
at org.openqa.selenium.remote.RemoteWebDriver.execute(RemoteWebDriver.java:518)
at org.openqa.selenium.remote.RemoteWebElement.execute(RemoteWebElement.java:223)
at org.openqa.selenium.remote.RemoteWebElement.sendKeys(RemoteWebElement.java:110)
at com.automation.Automation2.fileUploadPopup.fileUploadPopup(fileUploadPopup.java:26)
at java.base/java.util.ArrayList.forEach(ArrayList.java:1597)
... Removed 28 stack frames]]>
    </failure>
  </testcase> <!-- fileUploadPopup -->
  <testcase classname="com.automation.Automation2.HiddenDivision" name="HiddenDivision" time="7.264"/>
  <testcase classname="com.automation.Automation2.toolTipUsingMouseHover" name="toolTipUsingMouseHover" time="3.316"/>
  <testcase classname="com.automation.Automation2.scrollingToElement" name="scrollingToElement" time="15.061"/>
  <testcase classname="com.automation.Automation2.HandlingVideo" name="HandlingVideo" time="5.476"/>
  <testcase classname="com.automation.Automation2.slideBar" name="slideBar" time="5.626"/>
  <testcase classname="com.automation.Automation2.mouseHover" name="mousehover" time="12.33"/>
</testsuite> <!-- Firefoxtest -->
