<?xml version="1.0" encoding="UTF-8"?>
<!-- Generated by org.testng.reporters.JUnitXMLReporter -->
<testsuite ignored="0" hostname="TestVagrants-MacBook-Pro.local" failures="0" tests="9" name="ChromeTest" time="95.474" errors="0" timestamp="2024-10-14T12:44:06 IST">
  <testcase classname="com.automation.Automation2.dragAndDrop" name="dragAndDrop" time="3.349"/>
  <testcase classname="com.automation.Automation2.dragandDropMultiple" name="dragandDropMultiple" time="3.413"/>
  <testcase classname="com.automation.Automation2.fileUploadPopup" name="fileUploadPopup" time="4.632"/>
  <testcase classname="com.automation.Automation2.HiddenDivision" name="HiddenDivision" time="4.44"/>
  <testcase classname="com.automation.Automation2.scrollingToElement" name="scrollingToElement" time="4.174"/>
  <testcase classname="com.automation.Automation2.HandlingVideo" name="HandlingVideo" time="6.271"/>
  <testcase classname="com.automation.Automation2.slideBar" name="slideBar" time="4.145"/>
  <testcase classname="com.automation.Automation2.toolTipUsingMouseHover" name="toolTipUsingMouseHover" time="3.086"/>
  <testcase classname="com.automation.Automation2.mouseHover" name="mousehover" time="17.143"/>
</testsuite> <!-- ChromeTest -->
