<?xml version="1.0" encoding="UTF-8"?>
<!-- Generated by org.testng.reporters.JUnitXMLReporter -->
<testsuite ignored="0" hostname="TestVagrants-MacBook-Pro.local" failures="1" tests="9" name="FirefoxTest" time="144.29" errors="0" timestamp="2024-10-14T12:44:55 IST">
  <testcase classname="com.automation.Automation2.dragAndDrop" name="dragAndDrop" time="2.682"/>
  <testcase classname="com.automation.Automation2.dragandDropMultiple" name="dragandDropMultiple" time="3.755"/>
  <testcase classname="com.automation.Automation2.fileUploadPopup" name="fileUploadPopup" time="3.845"/>
  <testcase classname="com.automation.Automation2.HiddenDivision" name="HiddenDivision" time="2.77"/>
  <testcase classname="com.automation.Automation2.scrollingToElement" name="scrollingToElement" time="14.455"/>
  <testcase classname="com.automation.Automation2.HandlingVideo" name="HandlingVideo" time="5.178"/>
  <testcase classname="com.automation.Automation2.slideBar" name="slideBar" time="3.176"/>
  <testcase classname="com.automation.Automation2.toolTipUsingMouseHover" name="toolTipUsingMouseHover" time="2.701"/>
  <testcase classname="com.automation.Automation2.mouseHover" name="mousehover" time="7.565">
    <failure type="org.openqa.selenium.interactions.MoveTargetOutOfBoundsException" message="Origin element &amp;lt;li&amp;gt; is not displayed
Build info: version: &amp;apos;4.20.0&amp;apos;, revision: &amp;apos;866c76ca80&amp;apos;
System info: os.name: &amp;apos;Mac OS X&amp;apos;, os.arch: &amp;apos;x86_64&amp;apos;, os.version: &amp;apos;15.0.1&amp;apos;, java.version: &amp;apos;23&amp;apos;
Driver info: org.openqa.selenium.firefox.FirefoxDriver
Command: [0a216d73-6362-48a1-9ace-98036fcd6db1, actions {actions=[org.openqa.selenium.interactions.Sequence@552d06c8]}]
Capabilities {acceptInsecureCerts: true, browserName: firefox, browserVersion: 131.0.2, moz:accessibilityChecks: false, moz:buildID: 20241008210941, moz:geckodriverVersion: 0.35.0, moz:headless: true, moz:platformVersion: 24.0.0, moz:processID: 3321, moz:profile: /var/folders/6z/fn3m8_lx681..., moz:shutdownTimeout: 60000, moz:webdriverClick: true, moz:windowless: false, pageLoadStrategy: normal, platformName: mac, proxy: Proxy(), setWindowRect: true, strictFileInteractability: false, timeouts: {implicit: 0, pageLoad: 300000, script: 30000}, unhandledPromptBehavior: dismiss and notify, userAgent: Mozilla/5.0 (Macintosh; Int...}
Session ID: 0a216d73-6362-48a1-9ace-98036fcd6db1">
      <![CDATA[org.openqa.selenium.interactions.MoveTargetOutOfBoundsException: Origin element <li> is not displayed
Build info: version: '4.20.0', revision: '866c76ca80'
System info: os.name: 'Mac OS X', os.arch: 'x86_64', os.version: '15.0.1', java.version: '23'
Driver info: org.openqa.selenium.firefox.FirefoxDriver
Command: [0a216d73-6362-48a1-9ace-98036fcd6db1, actions {actions=[org.openqa.selenium.interactions.Sequence@552d06c8]}]
Capabilities {acceptInsecureCerts: true, browserName: firefox, browserVersion: 131.0.2, moz:accessibilityChecks: false, moz:buildID: 20241008210941, moz:geckodriverVersion: 0.35.0, moz:headless: true, moz:platformVersion: 24.0.0, moz:processID: 3321, moz:profile: /var/folders/6z/fn3m8_lx681..., moz:shutdownTimeout: 60000, moz:webdriverClick: true, moz:windowless: false, pageLoadStrategy: normal, platformName: mac, proxy: Proxy(), setWindowRect: true, strictFileInteractability: false, timeouts: {implicit: 0, pageLoad: 300000, script: 30000}, unhandledPromptBehavior: dismiss and notify, userAgent: Mozilla/5.0 (Macintosh; Int...}
Session ID: 0a216d73-6362-48a1-9ace-98036fcd6db1
at org.openqa.selenium.remote.ErrorCodec.decode(ErrorCodec.java:167)
at org.openqa.selenium.remote.codec.w3c.W3CHttpResponseCodec.decode(W3CHttpResponseCodec.java:138)
at org.openqa.selenium.remote.codec.w3c.W3CHttpResponseCodec.decode(W3CHttpResponseCodec.java:50)
at org.openqa.selenium.remote.HttpCommandExecutor.execute(HttpCommandExecutor.java:190)
at org.openqa.selenium.remote.service.DriverCommandExecutor.invokeExecute(DriverCommandExecutor.java:216)
at org.openqa.selenium.remote.service.DriverCommandExecutor.execute(DriverCommandExecutor.java:174)
at org.openqa.selenium.remote.RemoteWebDriver.execute(RemoteWebDriver.java:518)
at org.openqa.selenium.remote.RemoteWebDriver.perform(RemoteWebDriver.java:604)
at org.openqa.selenium.interactions.Actions$BuiltAction.perform(Actions.java:603)
at org.openqa.selenium.interactions.Actions.perform(Actions.java:568)
at com.automation.Automation2.mouseHover.mousehover(mouseHover.java:39)
at java.base/java.util.ArrayList.forEach(ArrayList.java:1597)
at java.base/java.util.concurrent.FutureTask.run(FutureTask.java:317)
at java.base/java.util.concurrent.ThreadPoolExecutor.runWorker(ThreadPoolExecutor.java:1144)
at java.base/java.util.concurrent.ThreadPoolExecutor$Worker.run(ThreadPoolExecutor.java:642)
at java.base/java.lang.Thread.run(Thread.java:1575)
... Removed 18 stack frames]]>
    </failure>
  </testcase> <!-- mousehover -->
</testsuite> <!-- FirefoxTest -->
