<?xml version="1.0" encoding="UTF-8"?>
<testng-results ignored="0" total="18" passed="14" failed="4" skipped="0">
  <reporter-output>
  </reporter-output>
  <suite started-at="2024-10-04T10:44:37 IST" name="Suite" finished-at="2024-10-04T10:49:38 IST" duration-ms="300133">
    <groups>
    </groups>
    <test started-at="2024-10-04T10:44:37 IST" name="ChromeTest" finished-at="2024-10-04T10:47:22 IST" duration-ms="164974">
      <class name="com.automation.Automation2.HandlingVideo">
        <test-method is-config="true" signature="setup(java.lang.String)[pri:0, instance:com.automation.Automation2.HandlingVideo@290d210d]" started-at="2024-10-04T10:46:17 IST" name="setup" finished-at="2024-10-04T10:46:26 IST" duration-ms="9166" status="PASS">
          <params>
            <param index="0">
              <value>
                <![CDATA[firefox]]>
              </value>
            </param>
          </params>
          <reporter-output>
          </reporter-output>
        </test-method> <!-- setup -->
        <test-method signature="HandlingVideo()[pri:0, instance:com.automation.Automation2.HandlingVideo@290d210d]" started-at="2024-10-04T10:46:26 IST" name="HandlingVideo" finished-at="2024-10-04T10:46:31 IST" duration-ms="5118" status="PASS">
          <reporter-output>
          </reporter-output>
        </test-method> <!-- HandlingVideo -->
        <test-method is-config="true" signature="teardown()[pri:0, instance:com.automation.Automation2.HandlingVideo@290d210d]" started-at="2024-10-04T10:46:31 IST" name="teardown" finished-at="2024-10-04T10:46:32 IST" duration-ms="709" status="PASS">
          <reporter-output>
          </reporter-output>
        </test-method> <!-- teardown -->
      </class> <!-- com.automation.Automation2.HandlingVideo -->
      <class name="com.automation.Automation2.dragandDropMultiple">
        <test-method is-config="true" signature="setup(java.lang.String)[pri:0, instance:com.automation.Automation2.dragandDropMultiple@1198b989]" started-at="2024-10-04T10:44:57 IST" name="setup" finished-at="2024-10-04T10:45:08 IST" duration-ms="11115" status="PASS">
          <params>
            <param index="0">
              <value>
                <![CDATA[firefox]]>
              </value>
            </param>
          </params>
          <reporter-output>
          </reporter-output>
        </test-method> <!-- setup -->
        <test-method signature="dragandDropMultiple()[pri:0, instance:com.automation.Automation2.dragandDropMultiple@1198b989]" started-at="2024-10-04T10:45:08 IST" name="dragandDropMultiple" finished-at="2024-10-04T10:45:29 IST" duration-ms="20910" status="PASS">
          <reporter-output>
          </reporter-output>
        </test-method> <!-- dragandDropMultiple -->
        <test-method is-config="true" signature="teardown()[pri:0, instance:com.automation.Automation2.dragandDropMultiple@1198b989]" started-at="2024-10-04T10:45:29 IST" name="teardown" finished-at="2024-10-04T10:45:30 IST" duration-ms="1172" status="PASS">
          <reporter-output>
          </reporter-output>
        </test-method> <!-- teardown -->
      </class> <!-- com.automation.Automation2.dragandDropMultiple -->
      <class name="com.automation.Automation2.fileUploadPopup">
        <test-method is-config="true" signature="setup(java.lang.String)[pri:0, instance:com.automation.Automation2.fileUploadPopup@7ff95560]" started-at="2024-10-04T10:45:30 IST" name="setup" finished-at="2024-10-04T10:45:45 IST" duration-ms="15260" status="PASS">
          <params>
            <param index="0">
              <value>
                <![CDATA[firefox]]>
              </value>
            </param>
          </params>
          <reporter-output>
          </reporter-output>
        </test-method> <!-- setup -->
        <test-method signature="fileUploadPopup()[pri:0, instance:com.automation.Automation2.fileUploadPopup@7ff95560]" started-at="2024-10-04T10:45:45 IST" name="fileUploadPopup" finished-at="2024-10-04T10:45:50 IST" duration-ms="4458" status="FAIL">
          <exception class="org.openqa.selenium.InvalidArgumentException">
            <message>
              <![CDATA[File not found: /Users/testvagrant/eclipse-workspace/Automation2/./Data/Arjun R Resume.docx
Build info: version: '4.20.0', revision: '866c76ca80'
System info: os.name: 'Mac OS X', os.arch: 'x86_64', os.version: '15.0', java.version: '21.0.4'
Driver info: org.openqa.selenium.firefox.FirefoxDriver
Command: [2480aef6-7228-470b-abb3-f268c7ea53fd, sendKeysToElement {value=[Ljava.lang.CharSequence;@2c4ca0f9, id=9bc7e5a1-668a-4213-8aee-aab4a90b0fbc}]
Capabilities {acceptInsecureCerts: true, browserName: firefox, browserVersion: 131.0, moz:accessibilityChecks: false, moz:buildID: 20240923135042, moz:geckodriverVersion: 0.35.0, moz:headless: true, moz:platformVersion: 24.0.0, moz:processID: 3752, moz:profile: /var/folders/hz/1tg112kn46q..., moz:shutdownTimeout: 60000, moz:webdriverClick: true, moz:windowless: false, pageLoadStrategy: normal, platformName: mac, proxy: Proxy(), setWindowRect: true, strictFileInteractability: false, timeouts: {implicit: 0, pageLoad: 300000, script: 30000}, unhandledPromptBehavior: dismiss and notify, userAgent: Mozilla/5.0 (Macintosh; Int...}
Element: [[FirefoxDriver: firefox on mac (2480aef6-7228-470b-abb3-f268c7ea53fd)] -> id: fileInput]
Session ID: 2480aef6-7228-470b-abb3-f268c7ea53fd]]>
            </message>
            <full-stacktrace>
              <![CDATA[org.openqa.selenium.InvalidArgumentException: File not found: /Users/testvagrant/eclipse-workspace/Automation2/./Data/Arjun R Resume.docx
Build info: version: '4.20.0', revision: '866c76ca80'
System info: os.name: 'Mac OS X', os.arch: 'x86_64', os.version: '15.0', java.version: '21.0.4'
Driver info: org.openqa.selenium.firefox.FirefoxDriver
Command: [2480aef6-7228-470b-abb3-f268c7ea53fd, sendKeysToElement {value=[Ljava.lang.CharSequence;@2c4ca0f9, id=9bc7e5a1-668a-4213-8aee-aab4a90b0fbc}]
Capabilities {acceptInsecureCerts: true, browserName: firefox, browserVersion: 131.0, moz:accessibilityChecks: false, moz:buildID: 20240923135042, moz:geckodriverVersion: 0.35.0, moz:headless: true, moz:platformVersion: 24.0.0, moz:processID: 3752, moz:profile: /var/folders/hz/1tg112kn46q..., moz:shutdownTimeout: 60000, moz:webdriverClick: true, moz:windowless: false, pageLoadStrategy: normal, platformName: mac, proxy: Proxy(), setWindowRect: true, strictFileInteractability: false, timeouts: {implicit: 0, pageLoad: 300000, script: 30000}, unhandledPromptBehavior: dismiss and notify, userAgent: Mozilla/5.0 (Macintosh; Int...}
Element: [[FirefoxDriver: firefox on mac (2480aef6-7228-470b-abb3-f268c7ea53fd)] -> id: fileInput]
Session ID: 2480aef6-7228-470b-abb3-f268c7ea53fd
at java.base/jdk.internal.reflect.DirectConstructorHandleAccessor.newInstance(DirectConstructorHandleAccessor.java:62)
at java.base/java.lang.reflect.Constructor.newInstanceWithCaller(Constructor.java:502)
at java.base/java.lang.reflect.Constructor.newInstance(Constructor.java:486)
at org.openqa.selenium.remote.ErrorCodec.decode(ErrorCodec.java:167)
at org.openqa.selenium.remote.codec.w3c.W3CHttpResponseCodec.decode(W3CHttpResponseCodec.java:138)
at org.openqa.selenium.remote.codec.w3c.W3CHttpResponseCodec.decode(W3CHttpResponseCodec.java:50)
at org.openqa.selenium.remote.HttpCommandExecutor.execute(HttpCommandExecutor.java:190)
at org.openqa.selenium.remote.service.DriverCommandExecutor.invokeExecute(DriverCommandExecutor.java:216)
at org.openqa.selenium.remote.service.DriverCommandExecutor.execute(DriverCommandExecutor.java:174)
at org.openqa.selenium.remote.RemoteWebDriver.execute(RemoteWebDriver.java:518)
at org.openqa.selenium.remote.RemoteWebElement.execute(RemoteWebElement.java:223)
at org.openqa.selenium.remote.RemoteWebElement.sendKeys(RemoteWebElement.java:110)
at com.automation.Automation2.fileUploadPopup.fileUploadPopup(fileUploadPopup.java:26)
at java.base/jdk.internal.reflect.DirectMethodHandleAccessor.invoke(DirectMethodHandleAccessor.java:103)
at java.base/java.lang.reflect.Method.invoke(Method.java:580)
at org.testng.internal.invokers.MethodInvocationHelper.invokeMethod(MethodInvocationHelper.java:141)
at org.testng.internal.invokers.TestInvoker.invokeMethod(TestInvoker.java:686)
at org.testng.internal.invokers.TestInvoker.invokeTestMethod(TestInvoker.java:230)
at org.testng.internal.invokers.MethodRunner.runInSequence(MethodRunner.java:63)
at org.testng.internal.invokers.TestInvoker$MethodInvocationAgent.invoke(TestInvoker.java:992)
at org.testng.internal.invokers.TestInvoker.invokeTestMethods(TestInvoker.java:203)
at org.testng.internal.invokers.TestMethodWorker.invokeTestMethods(TestMethodWorker.java:154)
at org.testng.internal.invokers.TestMethodWorker.run(TestMethodWorker.java:134)
at java.base/java.util.ArrayList.forEach(ArrayList.java:1596)
at org.testng.TestRunner.privateRun(TestRunner.java:739)
at org.testng.TestRunner.run(TestRunner.java:614)
at org.testng.SuiteRunner.runTest(SuiteRunner.java:421)
at org.testng.SuiteRunner.runSequentially(SuiteRunner.java:413)
at org.testng.SuiteRunner.privateRun(SuiteRunner.java:373)
at org.testng.SuiteRunner.run(SuiteRunner.java:312)
at org.testng.SuiteRunnerWorker.runSuite(SuiteRunnerWorker.java:52)
at org.testng.SuiteRunnerWorker.run(SuiteRunnerWorker.java:95)
at org.testng.TestNG.runSuitesSequentially(TestNG.java:1274)
at org.testng.TestNG.runSuitesLocally(TestNG.java:1208)
at org.testng.TestNG.runSuites(TestNG.java:1112)
at org.testng.TestNG.run(TestNG.java:1079)
at org.apache.maven.surefire.testng.TestNGExecutor.run(TestNGExecutor.java:283)
at org.apache.maven.surefire.testng.TestNGXmlTestSuite.execute(TestNGXmlTestSuite.java:75)
at org.apache.maven.surefire.testng.TestNGProvider.invoke(TestNGProvider.java:120)
at org.apache.maven.surefire.booter.ForkedBooter.invokeProviderInSameClassLoader(ForkedBooter.java:384)
at org.apache.maven.surefire.booter.ForkedBooter.runSuitesInProcess(ForkedBooter.java:345)
at org.apache.maven.surefire.booter.ForkedBooter.execute(ForkedBooter.java:126)
at org.apache.maven.surefire.booter.ForkedBooter.main(ForkedBooter.java:418)
]]>
            </full-stacktrace>
          </exception> <!-- org.openqa.selenium.InvalidArgumentException -->
          <reporter-output>
          </reporter-output>
        </test-method> <!-- fileUploadPopup -->
        <test-method is-config="true" signature="teardown()[pri:0, instance:com.automation.Automation2.fileUploadPopup@7ff95560]" started-at="2024-10-04T10:45:50 IST" name="teardown" finished-at="2024-10-04T10:45:50 IST" duration-ms="690" status="PASS">
          <reporter-output>
          </reporter-output>
        </test-method> <!-- teardown -->
      </class> <!-- com.automation.Automation2.fileUploadPopup -->
      <class name="com.automation.Automation2.mouseHover">
        <test-method is-config="true" signature="setup(java.lang.String)[pri:0, instance:com.automation.Automation2.mouseHover@78dd667e]" started-at="2024-10-04T10:47:03 IST" name="setup" finished-at="2024-10-04T10:47:17 IST" duration-ms="14095" status="PASS">
          <params>
            <param index="0">
              <value>
                <![CDATA[firefox]]>
              </value>
            </param>
          </params>
          <reporter-output>
          </reporter-output>
        </test-method> <!-- setup -->
        <test-method signature="mousehover()[pri:0, instance:com.automation.Automation2.mouseHover@78dd667e]" started-at="2024-10-04T10:47:17 IST" name="mousehover" finished-at="2024-10-04T10:47:22 IST" duration-ms="4727" status="FAIL">
          <exception class="org.openqa.selenium.interactions.MoveTargetOutOfBoundsException">
            <message>
              <![CDATA[Origin element <li> is not displayed
Build info: version: '4.20.0', revision: '866c76ca80'
System info: os.name: 'Mac OS X', os.arch: 'x86_64', os.version: '15.0', java.version: '21.0.4'
Driver info: org.openqa.selenium.firefox.FirefoxDriver
Command: [d3fe841c-3ab0-4561-9911-b7a3876dbfc0, actions {actions=[org.openqa.selenium.interactions.Sequence@5e8c34a0]}]
Capabilities {acceptInsecureCerts: true, browserName: firefox, browserVersion: 131.0, moz:accessibilityChecks: false, moz:buildID: 20240923135042, moz:geckodriverVersion: 0.35.0, moz:headless: true, moz:platformVersion: 24.0.0, moz:processID: 4045, moz:profile: /var/folders/hz/1tg112kn46q..., moz:shutdownTimeout: 60000, moz:webdriverClick: true, moz:windowless: false, pageLoadStrategy: normal, platformName: mac, proxy: Proxy(), setWindowRect: true, strictFileInteractability: false, timeouts: {implicit: 0, pageLoad: 300000, script: 30000}, unhandledPromptBehavior: dismiss and notify, userAgent: Mozilla/5.0 (Macintosh; Int...}
Session ID: d3fe841c-3ab0-4561-9911-b7a3876dbfc0]]>
            </message>
            <full-stacktrace>
              <![CDATA[org.openqa.selenium.interactions.MoveTargetOutOfBoundsException: Origin element <li> is not displayed
Build info: version: '4.20.0', revision: '866c76ca80'
System info: os.name: 'Mac OS X', os.arch: 'x86_64', os.version: '15.0', java.version: '21.0.4'
Driver info: org.openqa.selenium.firefox.FirefoxDriver
Command: [d3fe841c-3ab0-4561-9911-b7a3876dbfc0, actions {actions=[org.openqa.selenium.interactions.Sequence@5e8c34a0]}]
Capabilities {acceptInsecureCerts: true, browserName: firefox, browserVersion: 131.0, moz:accessibilityChecks: false, moz:buildID: 20240923135042, moz:geckodriverVersion: 0.35.0, moz:headless: true, moz:platformVersion: 24.0.0, moz:processID: 4045, moz:profile: /var/folders/hz/1tg112kn46q..., moz:shutdownTimeout: 60000, moz:webdriverClick: true, moz:windowless: false, pageLoadStrategy: normal, platformName: mac, proxy: Proxy(), setWindowRect: true, strictFileInteractability: false, timeouts: {implicit: 0, pageLoad: 300000, script: 30000}, unhandledPromptBehavior: dismiss and notify, userAgent: Mozilla/5.0 (Macintosh; Int...}
Session ID: d3fe841c-3ab0-4561-9911-b7a3876dbfc0
at java.base/jdk.internal.reflect.DirectConstructorHandleAccessor.newInstance(DirectConstructorHandleAccessor.java:62)
at java.base/java.lang.reflect.Constructor.newInstanceWithCaller(Constructor.java:502)
at java.base/java.lang.reflect.Constructor.newInstance(Constructor.java:486)
at org.openqa.selenium.remote.ErrorCodec.decode(ErrorCodec.java:167)
at org.openqa.selenium.remote.codec.w3c.W3CHttpResponseCodec.decode(W3CHttpResponseCodec.java:138)
at org.openqa.selenium.remote.codec.w3c.W3CHttpResponseCodec.decode(W3CHttpResponseCodec.java:50)
at org.openqa.selenium.remote.HttpCommandExecutor.execute(HttpCommandExecutor.java:190)
at org.openqa.selenium.remote.service.DriverCommandExecutor.invokeExecute(DriverCommandExecutor.java:216)
at org.openqa.selenium.remote.service.DriverCommandExecutor.execute(DriverCommandExecutor.java:174)
at org.openqa.selenium.remote.RemoteWebDriver.execute(RemoteWebDriver.java:518)
at org.openqa.selenium.remote.RemoteWebDriver.perform(RemoteWebDriver.java:604)
at org.openqa.selenium.interactions.Actions$BuiltAction.perform(Actions.java:603)
at org.openqa.selenium.interactions.Actions.perform(Actions.java:568)
at com.automation.Automation2.mouseHover.mousehover(mouseHover.java:29)
at java.base/jdk.internal.reflect.DirectMethodHandleAccessor.invoke(DirectMethodHandleAccessor.java:103)
at java.base/java.lang.reflect.Method.invoke(Method.java:580)
at org.testng.internal.invokers.MethodInvocationHelper.invokeMethod(MethodInvocationHelper.java:141)
at org.testng.internal.invokers.TestInvoker.invokeMethod(TestInvoker.java:686)
at org.testng.internal.invokers.TestInvoker.invokeTestMethod(TestInvoker.java:230)
at org.testng.internal.invokers.MethodRunner.runInSequence(MethodRunner.java:63)
at org.testng.internal.invokers.TestInvoker$MethodInvocationAgent.invoke(TestInvoker.java:992)
at org.testng.internal.invokers.TestInvoker.invokeTestMethods(TestInvoker.java:203)
at org.testng.internal.invokers.TestMethodWorker.invokeTestMethods(TestMethodWorker.java:154)
at org.testng.internal.invokers.TestMethodWorker.run(TestMethodWorker.java:134)
at java.base/java.util.ArrayList.forEach(ArrayList.java:1596)
at org.testng.TestRunner.privateRun(TestRunner.java:739)
at org.testng.TestRunner.run(TestRunner.java:614)
at org.testng.SuiteRunner.runTest(SuiteRunner.java:421)
at org.testng.SuiteRunner.runSequentially(SuiteRunner.java:413)
at org.testng.SuiteRunner.privateRun(SuiteRunner.java:373)
at org.testng.SuiteRunner.run(SuiteRunner.java:312)
at org.testng.SuiteRunnerWorker.runSuite(SuiteRunnerWorker.java:52)
at org.testng.SuiteRunnerWorker.run(SuiteRunnerWorker.java:95)
at org.testng.TestNG.runSuitesSequentially(TestNG.java:1274)
at org.testng.TestNG.runSuitesLocally(TestNG.java:1208)
at org.testng.TestNG.runSuites(TestNG.java:1112)
at org.testng.TestNG.run(TestNG.java:1079)
at org.apache.maven.surefire.testng.TestNGExecutor.run(TestNGExecutor.java:283)
at org.apache.maven.surefire.testng.TestNGXmlTestSuite.execute(TestNGXmlTestSuite.java:75)
at org.apache.maven.surefire.testng.TestNGProvider.invoke(TestNGProvider.java:120)
at org.apache.maven.surefire.booter.ForkedBooter.invokeProviderInSameClassLoader(ForkedBooter.java:384)
at org.apache.maven.surefire.booter.ForkedBooter.runSuitesInProcess(ForkedBooter.java:345)
at org.apache.maven.surefire.booter.ForkedBooter.execute(ForkedBooter.java:126)
at org.apache.maven.surefire.booter.ForkedBooter.main(ForkedBooter.java:418)
]]>
            </full-stacktrace>
          </exception> <!-- org.openqa.selenium.interactions.MoveTargetOutOfBoundsException -->
          <reporter-output>
          </reporter-output>
        </test-method> <!-- mousehover -->
        <test-method is-config="true" signature="teardown()[pri:0, instance:com.automation.Automation2.mouseHover@78dd667e]" started-at="2024-10-04T10:47:22 IST" name="teardown" finished-at="2024-10-04T10:47:22 IST" duration-ms="683" status="PASS">
          <reporter-output>
          </reporter-output>
        </test-method> <!-- teardown -->
      </class> <!-- com.automation.Automation2.mouseHover -->
      <class name="com.automation.Automation2.scrollingToElement">
        <test-method is-config="true" signature="setup(java.lang.String)[pri:0, instance:com.automation.Automation2.scrollingToElement@4b44655e]" started-at="2024-10-04T10:46:03 IST" name="setup" finished-at="2024-10-04T10:46:12 IST" duration-ms="9635" status="PASS">
          <params>
            <param index="0">
              <value>
                <![CDATA[firefox]]>
              </value>
            </param>
          </params>
          <reporter-output>
          </reporter-output>
        </test-method> <!-- setup -->
        <test-method signature="scrollingToElement()[pri:0, instance:com.automation.Automation2.scrollingToElement@4b44655e]" started-at="2024-10-04T10:46:12 IST" name="scrollingToElement" finished-at="2024-10-04T10:46:16 IST" duration-ms="4044" status="FAIL">
          <exception class="org.openqa.selenium.interactions.MoveTargetOutOfBoundsException">
            <message>
              <![CDATA[Move target (772, 739) is out of bounds of viewport dimensions (1366, 683)
Build info: version: '4.20.0', revision: '866c76ca80'
System info: os.name: 'Mac OS X', os.arch: 'x86_64', os.version: '15.0', java.version: '21.0.4'
Driver info: org.openqa.selenium.firefox.FirefoxDriver
Command: [a919daf8-9883-4d31-9868-11bf0c7dca6f, actions {actions=[org.openqa.selenium.interactions.Sequence@4beddc56]}]
Capabilities {acceptInsecureCerts: true, browserName: firefox, browserVersion: 131.0, moz:accessibilityChecks: false, moz:buildID: 20240923135042, moz:geckodriverVersion: 0.35.0, moz:headless: true, moz:platformVersion: 24.0.0, moz:processID: 3856, moz:profile: /var/folders/hz/1tg112kn46q..., moz:shutdownTimeout: 60000, moz:webdriverClick: true, moz:windowless: false, pageLoadStrategy: normal, platformName: mac, proxy: Proxy(), setWindowRect: true, strictFileInteractability: false, timeouts: {implicit: 0, pageLoad: 300000, script: 30000}, unhandledPromptBehavior: dismiss and notify, userAgent: Mozilla/5.0 (Macintosh; Int...}
Session ID: a919daf8-9883-4d31-9868-11bf0c7dca6f]]>
            </message>
            <full-stacktrace>
              <![CDATA[org.openqa.selenium.interactions.MoveTargetOutOfBoundsException: Move target (772, 739) is out of bounds of viewport dimensions (1366, 683)
Build info: version: '4.20.0', revision: '866c76ca80'
System info: os.name: 'Mac OS X', os.arch: 'x86_64', os.version: '15.0', java.version: '21.0.4'
Driver info: org.openqa.selenium.firefox.FirefoxDriver
Command: [a919daf8-9883-4d31-9868-11bf0c7dca6f, actions {actions=[org.openqa.selenium.interactions.Sequence@4beddc56]}]
Capabilities {acceptInsecureCerts: true, browserName: firefox, browserVersion: 131.0, moz:accessibilityChecks: false, moz:buildID: 20240923135042, moz:geckodriverVersion: 0.35.0, moz:headless: true, moz:platformVersion: 24.0.0, moz:processID: 3856, moz:profile: /var/folders/hz/1tg112kn46q..., moz:shutdownTimeout: 60000, moz:webdriverClick: true, moz:windowless: false, pageLoadStrategy: normal, platformName: mac, proxy: Proxy(), setWindowRect: true, strictFileInteractability: false, timeouts: {implicit: 0, pageLoad: 300000, script: 30000}, unhandledPromptBehavior: dismiss and notify, userAgent: Mozilla/5.0 (Macintosh; Int...}
Session ID: a919daf8-9883-4d31-9868-11bf0c7dca6f
at java.base/jdk.internal.reflect.DirectConstructorHandleAccessor.newInstance(DirectConstructorHandleAccessor.java:62)
at java.base/java.lang.reflect.Constructor.newInstanceWithCaller(Constructor.java:502)
at java.base/java.lang.reflect.Constructor.newInstance(Constructor.java:486)
at org.openqa.selenium.remote.ErrorCodec.decode(ErrorCodec.java:167)
at org.openqa.selenium.remote.codec.w3c.W3CHttpResponseCodec.decode(W3CHttpResponseCodec.java:138)
at org.openqa.selenium.remote.codec.w3c.W3CHttpResponseCodec.decode(W3CHttpResponseCodec.java:50)
at org.openqa.selenium.remote.HttpCommandExecutor.execute(HttpCommandExecutor.java:190)
at org.openqa.selenium.remote.service.DriverCommandExecutor.invokeExecute(DriverCommandExecutor.java:216)
at org.openqa.selenium.remote.service.DriverCommandExecutor.execute(DriverCommandExecutor.java:174)
at org.openqa.selenium.remote.RemoteWebDriver.execute(RemoteWebDriver.java:518)
at org.openqa.selenium.remote.RemoteWebDriver.perform(RemoteWebDriver.java:604)
at org.openqa.selenium.interactions.Actions$BuiltAction.perform(Actions.java:603)
at org.openqa.selenium.interactions.Actions.perform(Actions.java:568)
at com.automation.Automation2.scrollingToElement.scrollingToElement(scrollingToElement.java:32)
at java.base/jdk.internal.reflect.DirectMethodHandleAccessor.invoke(DirectMethodHandleAccessor.java:103)
at java.base/java.lang.reflect.Method.invoke(Method.java:580)
at org.testng.internal.invokers.MethodInvocationHelper.invokeMethod(MethodInvocationHelper.java:141)
at org.testng.internal.invokers.TestInvoker.invokeMethod(TestInvoker.java:686)
at org.testng.internal.invokers.TestInvoker.invokeTestMethod(TestInvoker.java:230)
at org.testng.internal.invokers.MethodRunner.runInSequence(MethodRunner.java:63)
at org.testng.internal.invokers.TestInvoker$MethodInvocationAgent.invoke(TestInvoker.java:992)
at org.testng.internal.invokers.TestInvoker.invokeTestMethods(TestInvoker.java:203)
at org.testng.internal.invokers.TestMethodWorker.invokeTestMethods(TestMethodWorker.java:154)
at org.testng.internal.invokers.TestMethodWorker.run(TestMethodWorker.java:134)
at java.base/java.util.ArrayList.forEach(ArrayList.java:1596)
at org.testng.TestRunner.privateRun(TestRunner.java:739)
at org.testng.TestRunner.run(TestRunner.java:614)
at org.testng.SuiteRunner.runTest(SuiteRunner.java:421)
at org.testng.SuiteRunner.runSequentially(SuiteRunner.java:413)
at org.testng.SuiteRunner.privateRun(SuiteRunner.java:373)
at org.testng.SuiteRunner.run(SuiteRunner.java:312)
at org.testng.SuiteRunnerWorker.runSuite(SuiteRunnerWorker.java:52)
at org.testng.SuiteRunnerWorker.run(SuiteRunnerWorker.java:95)
at org.testng.TestNG.runSuitesSequentially(TestNG.java:1274)
at org.testng.TestNG.runSuitesLocally(TestNG.java:1208)
at org.testng.TestNG.runSuites(TestNG.java:1112)
at org.testng.TestNG.run(TestNG.java:1079)
at org.apache.maven.surefire.testng.TestNGExecutor.run(TestNGExecutor.java:283)
at org.apache.maven.surefire.testng.TestNGXmlTestSuite.execute(TestNGXmlTestSuite.java:75)
at org.apache.maven.surefire.testng.TestNGProvider.invoke(TestNGProvider.java:120)
at org.apache.maven.surefire.booter.ForkedBooter.invokeProviderInSameClassLoader(ForkedBooter.java:384)
at org.apache.maven.surefire.booter.ForkedBooter.runSuitesInProcess(ForkedBooter.java:345)
at org.apache.maven.surefire.booter.ForkedBooter.execute(ForkedBooter.java:126)
at org.apache.maven.surefire.booter.ForkedBooter.main(ForkedBooter.java:418)
]]>
            </full-stacktrace>
          </exception> <!-- org.openqa.selenium.interactions.MoveTargetOutOfBoundsException -->
          <reporter-output>
          </reporter-output>
        </test-method> <!-- scrollingToElement -->
        <test-method is-config="true" signature="teardown()[pri:0, instance:com.automation.Automation2.scrollingToElement@4b44655e]" started-at="2024-10-04T10:46:16 IST" name="teardown" finished-at="2024-10-04T10:46:17 IST" duration-ms="703" status="PASS">
          <reporter-output>
          </reporter-output>
        </test-method> <!-- teardown -->
      </class> <!-- com.automation.Automation2.scrollingToElement -->
      <class name="com.automation.Automation2.dragAndDrop">
        <test-method is-config="true" signature="setup(java.lang.String)[pri:0, instance:com.automation.Automation2.dragAndDrop@4f638935]" started-at="2024-10-04T10:44:37 IST" name="setup" finished-at="2024-10-04T10:44:52 IST" duration-ms="14500" status="PASS">
          <params>
            <param index="0">
              <value>
                <![CDATA[firefox]]>
              </value>
            </param>
          </params>
          <reporter-output>
          </reporter-output>
        </test-method> <!-- setup -->
        <test-method signature="dragAndDrop()[pri:0, instance:com.automation.Automation2.dragAndDrop@4f638935]" started-at="2024-10-04T10:44:52 IST" name="dragAndDrop" finished-at="2024-10-04T10:44:56 IST" duration-ms="3662" status="PASS">
          <reporter-output>
          </reporter-output>
        </test-method> <!-- dragAndDrop -->
        <test-method is-config="true" signature="teardown()[pri:0, instance:com.automation.Automation2.dragAndDrop@4f638935]" started-at="2024-10-04T10:44:56 IST" name="teardown" finished-at="2024-10-04T10:44:57 IST" duration-ms="993" status="PASS">
          <reporter-output>
          </reporter-output>
        </test-method> <!-- teardown -->
      </class> <!-- com.automation.Automation2.dragAndDrop -->
      <class name="com.automation.Automation2.toolTipUsingMouseHover">
        <test-method is-config="true" signature="setup(java.lang.String)[pri:0, instance:com.automation.Automation2.toolTipUsingMouseHover@7ea37dbf]" started-at="2024-10-04T10:46:47 IST" name="setup" finished-at="2024-10-04T10:47:00 IST" duration-ms="12922" status="PASS">
          <params>
            <param index="0">
              <value>
                <![CDATA[firefox]]>
              </value>
            </param>
          </params>
          <reporter-output>
          </reporter-output>
        </test-method> <!-- setup -->
        <test-method signature="toolTipUsingMouseHover()[pri:0, instance:com.automation.Automation2.toolTipUsingMouseHover@7ea37dbf]" started-at="2024-10-04T10:47:00 IST" name="toolTipUsingMouseHover" finished-at="2024-10-04T10:47:02 IST" duration-ms="2125" status="PASS">
          <reporter-output>
          </reporter-output>
        </test-method> <!-- toolTipUsingMouseHover -->
        <test-method is-config="true" signature="teardown()[pri:0, instance:com.automation.Automation2.toolTipUsingMouseHover@7ea37dbf]" started-at="2024-10-04T10:47:02 IST" name="teardown" finished-at="2024-10-04T10:47:03 IST" duration-ms="750" status="PASS">
          <reporter-output>
          </reporter-output>
        </test-method> <!-- teardown -->
      </class> <!-- com.automation.Automation2.toolTipUsingMouseHover -->
      <class name="com.automation.Automation2.slideBar">
        <test-method is-config="true" signature="setup(java.lang.String)[pri:0, instance:com.automation.Automation2.slideBar@1d76aeea]" started-at="2024-10-04T10:46:32 IST" name="setup" finished-at="2024-10-04T10:46:42 IST" duration-ms="10317" status="PASS">
          <params>
            <param index="0">
              <value>
                <![CDATA[firefox]]>
              </value>
            </param>
          </params>
          <reporter-output>
          </reporter-output>
        </test-method> <!-- setup -->
        <test-method signature="slideBar()[pri:0, instance:com.automation.Automation2.slideBar@1d76aeea]" started-at="2024-10-04T10:46:42 IST" name="slideBar" finished-at="2024-10-04T10:46:46 IST" duration-ms="3955" status="PASS">
          <reporter-output>
          </reporter-output>
        </test-method> <!-- slideBar -->
        <test-method is-config="true" signature="teardown()[pri:0, instance:com.automation.Automation2.slideBar@1d76aeea]" started-at="2024-10-04T10:46:46 IST" name="teardown" finished-at="2024-10-04T10:46:47 IST" duration-ms="655" status="PASS">
          <reporter-output>
          </reporter-output>
        </test-method> <!-- teardown -->
      </class> <!-- com.automation.Automation2.slideBar -->
      <class name="com.automation.Automation2.HiddenDivision">
        <test-method is-config="true" signature="setup(java.lang.String)[pri:0, instance:com.automation.Automation2.HiddenDivision@add0edd]" started-at="2024-10-04T10:45:50 IST" name="setup" finished-at="2024-10-04T10:45:59 IST" duration-ms="8875" status="PASS">
          <params>
            <param index="0">
              <value>
                <![CDATA[firefox]]>
              </value>
            </param>
          </params>
          <reporter-output>
          </reporter-output>
        </test-method> <!-- setup -->
        <test-method signature="HiddenDivision()[pri:0, instance:com.automation.Automation2.HiddenDivision@add0edd]" started-at="2024-10-04T10:45:59 IST" name="HiddenDivision" finished-at="2024-10-04T10:46:02 IST" duration-ms="2808" status="PASS">
          <reporter-output>
          </reporter-output>
        </test-method> <!-- HiddenDivision -->
        <test-method is-config="true" signature="teardown()[pri:0, instance:com.automation.Automation2.HiddenDivision@add0edd]" started-at="2024-10-04T10:46:02 IST" name="teardown" finished-at="2024-10-04T10:46:03 IST" duration-ms="856" status="PASS">
          <reporter-output>
          </reporter-output>
        </test-method> <!-- teardown -->
      </class> <!-- com.automation.Automation2.HiddenDivision -->
    </test> <!-- ChromeTest -->
    <test started-at="2024-10-04T10:47:22 IST" name="Firefoxtest" finished-at="2024-10-04T10:49:38 IST" duration-ms="135089">
      <class name="com.automation.Automation2.HandlingVideo">
        <test-method is-config="true" signature="setup(java.lang.String)[pri:0, instance:com.automation.Automation2.HandlingVideo@229d10bd]" started-at="2024-10-04T10:48:54 IST" name="setup" finished-at="2024-10-04T10:49:00 IST" duration-ms="5483" status="PASS">
          <params>
            <param index="0">
              <value>
                <![CDATA[chrome]]>
              </value>
            </param>
          </params>
          <reporter-output>
          </reporter-output>
        </test-method> <!-- setup -->
        <test-method signature="HandlingVideo()[pri:0, instance:com.automation.Automation2.HandlingVideo@229d10bd]" started-at="2024-10-04T10:49:00 IST" name="HandlingVideo" finished-at="2024-10-04T10:49:06 IST" duration-ms="5958" status="PASS">
          <reporter-output>
          </reporter-output>
        </test-method> <!-- HandlingVideo -->
        <test-method is-config="true" signature="teardown()[pri:0, instance:com.automation.Automation2.HandlingVideo@229d10bd]" started-at="2024-10-04T10:49:06 IST" name="teardown" finished-at="2024-10-04T10:49:06 IST" duration-ms="169" status="PASS">
          <reporter-output>
          </reporter-output>
        </test-method> <!-- teardown -->
      </class> <!-- com.automation.Automation2.HandlingVideo -->
      <class name="com.automation.Automation2.dragandDropMultiple">
        <test-method is-config="true" signature="setup(java.lang.String)[pri:0, instance:com.automation.Automation2.dragandDropMultiple@15b204a1]" started-at="2024-10-04T10:47:45 IST" name="setup" finished-at="2024-10-04T10:47:50 IST" duration-ms="4517" status="PASS">
          <params>
            <param index="0">
              <value>
                <![CDATA[chrome]]>
              </value>
            </param>
          </params>
          <reporter-output>
          </reporter-output>
        </test-method> <!-- setup -->
        <test-method signature="dragandDropMultiple()[pri:0, instance:com.automation.Automation2.dragandDropMultiple@15b204a1]" started-at="2024-10-04T10:47:50 IST" name="dragandDropMultiple" finished-at="2024-10-04T10:48:10 IST" duration-ms="20144" status="PASS">
          <reporter-output>
          </reporter-output>
        </test-method> <!-- dragandDropMultiple -->
        <test-method is-config="true" signature="teardown()[pri:0, instance:com.automation.Automation2.dragandDropMultiple@15b204a1]" started-at="2024-10-04T10:48:10 IST" name="teardown" finished-at="2024-10-04T10:48:10 IST" duration-ms="234" status="PASS">
          <reporter-output>
          </reporter-output>
        </test-method> <!-- teardown -->
      </class> <!-- com.automation.Automation2.dragandDropMultiple -->
      <class name="com.automation.Automation2.fileUploadPopup">
        <test-method is-config="true" signature="setup(java.lang.String)[pri:0, instance:com.automation.Automation2.fileUploadPopup@77167fb7]" started-at="2024-10-04T10:48:10 IST" name="setup" finished-at="2024-10-04T10:48:15 IST" duration-ms="4579" status="PASS">
          <params>
            <param index="0">
              <value>
                <![CDATA[chrome]]>
              </value>
            </param>
          </params>
          <reporter-output>
          </reporter-output>
        </test-method> <!-- setup -->
        <test-method signature="fileUploadPopup()[pri:0, instance:com.automation.Automation2.fileUploadPopup@77167fb7]" started-at="2024-10-04T10:48:15 IST" name="fileUploadPopup" finished-at="2024-10-04T10:48:19 IST" duration-ms="4273" status="FAIL">
          <exception class="org.openqa.selenium.InvalidArgumentException">
            <message>
              <![CDATA[invalid argument: File not found : /Users/testvagrant/eclipse-workspace/Automation2/./Data/Arjun R Resume.docx
  (Session info: chrome=129.0.6668.90)
Build info: version: '4.20.0', revision: '866c76ca80'
System info: os.name: 'Mac OS X', os.arch: 'x86_64', os.version: '15.0', java.version: '21.0.4'
Driver info: org.openqa.selenium.chrome.ChromeDriver
Command: [7cb1c9ca6bda5dd356ce3376b5bd9e2b, sendKeysToElement {value=[Ljava.lang.CharSequence;@d277579, id=f.11003252DB8786711F5E4A27CE929FE1.d.D55FBFAD5ECACE1C585DDEF518311643.e.79}]
Capabilities {acceptInsecureCerts: false, browserName: chrome, browserVersion: 129.0.6668.90, chrome: {chromedriverVersion: 129.0.6668.89 (951c0b97221f..., userDataDir: /var/folders/hz/1tg112kn46q...}, fedcm:accounts: true, goog:chromeOptions: {debuggerAddress: localhost:51207}, networkConnectionEnabled: false, pageLoadStrategy: normal, platformName: mac, proxy: Proxy(), se:cdp: ws://localhost:51207/devtoo..., se:cdpVersion: 129.0.6668.90, setWindowRect: true, strictFileInteractability: false, timeouts: {implicit: 0, pageLoad: 300000, script: 30000}, unhandledPromptBehavior: dismiss and notify, webauthn:extension:credBlob: true, webauthn:extension:largeBlob: true, webauthn:extension:minPinLength: true, webauthn:extension:prf: true, webauthn:virtualAuthenticators: true}
Element: [[ChromeDriver: chrome on mac (7cb1c9ca6bda5dd356ce3376b5bd9e2b)] -> id: fileInput]
Session ID: 7cb1c9ca6bda5dd356ce3376b5bd9e2b]]>
            </message>
            <full-stacktrace>
              <![CDATA[org.openqa.selenium.InvalidArgumentException: invalid argument: File not found : /Users/testvagrant/eclipse-workspace/Automation2/./Data/Arjun R Resume.docx
  (Session info: chrome=129.0.6668.90)
Build info: version: '4.20.0', revision: '866c76ca80'
System info: os.name: 'Mac OS X', os.arch: 'x86_64', os.version: '15.0', java.version: '21.0.4'
Driver info: org.openqa.selenium.chrome.ChromeDriver
Command: [7cb1c9ca6bda5dd356ce3376b5bd9e2b, sendKeysToElement {value=[Ljava.lang.CharSequence;@d277579, id=f.11003252DB8786711F5E4A27CE929FE1.d.D55FBFAD5ECACE1C585DDEF518311643.e.79}]
Capabilities {acceptInsecureCerts: false, browserName: chrome, browserVersion: 129.0.6668.90, chrome: {chromedriverVersion: 129.0.6668.89 (951c0b97221f..., userDataDir: /var/folders/hz/1tg112kn46q...}, fedcm:accounts: true, goog:chromeOptions: {debuggerAddress: localhost:51207}, networkConnectionEnabled: false, pageLoadStrategy: normal, platformName: mac, proxy: Proxy(), se:cdp: ws://localhost:51207/devtoo..., se:cdpVersion: 129.0.6668.90, setWindowRect: true, strictFileInteractability: false, timeouts: {implicit: 0, pageLoad: 300000, script: 30000}, unhandledPromptBehavior: dismiss and notify, webauthn:extension:credBlob: true, webauthn:extension:largeBlob: true, webauthn:extension:minPinLength: true, webauthn:extension:prf: true, webauthn:virtualAuthenticators: true}
Element: [[ChromeDriver: chrome on mac (7cb1c9ca6bda5dd356ce3376b5bd9e2b)] -> id: fileInput]
Session ID: 7cb1c9ca6bda5dd356ce3376b5bd9e2b
at java.base/jdk.internal.reflect.DirectConstructorHandleAccessor.newInstance(DirectConstructorHandleAccessor.java:62)
at java.base/java.lang.reflect.Constructor.newInstanceWithCaller(Constructor.java:502)
at java.base/java.lang.reflect.Constructor.newInstance(Constructor.java:486)
at org.openqa.selenium.remote.ErrorCodec.decode(ErrorCodec.java:167)
at org.openqa.selenium.remote.codec.w3c.W3CHttpResponseCodec.decode(W3CHttpResponseCodec.java:138)
at org.openqa.selenium.remote.codec.w3c.W3CHttpResponseCodec.decode(W3CHttpResponseCodec.java:50)
at org.openqa.selenium.remote.HttpCommandExecutor.execute(HttpCommandExecutor.java:190)
at org.openqa.selenium.remote.service.DriverCommandExecutor.invokeExecute(DriverCommandExecutor.java:216)
at org.openqa.selenium.remote.service.DriverCommandExecutor.execute(DriverCommandExecutor.java:174)
at org.openqa.selenium.remote.RemoteWebDriver.execute(RemoteWebDriver.java:518)
at org.openqa.selenium.remote.RemoteWebElement.execute(RemoteWebElement.java:223)
at org.openqa.selenium.remote.RemoteWebElement.sendKeys(RemoteWebElement.java:110)
at com.automation.Automation2.fileUploadPopup.fileUploadPopup(fileUploadPopup.java:26)
at java.base/jdk.internal.reflect.DirectMethodHandleAccessor.invoke(DirectMethodHandleAccessor.java:103)
at java.base/java.lang.reflect.Method.invoke(Method.java:580)
at org.testng.internal.invokers.MethodInvocationHelper.invokeMethod(MethodInvocationHelper.java:141)
at org.testng.internal.invokers.TestInvoker.invokeMethod(TestInvoker.java:686)
at org.testng.internal.invokers.TestInvoker.invokeTestMethod(TestInvoker.java:230)
at org.testng.internal.invokers.MethodRunner.runInSequence(MethodRunner.java:63)
at org.testng.internal.invokers.TestInvoker$MethodInvocationAgent.invoke(TestInvoker.java:992)
at org.testng.internal.invokers.TestInvoker.invokeTestMethods(TestInvoker.java:203)
at org.testng.internal.invokers.TestMethodWorker.invokeTestMethods(TestMethodWorker.java:154)
at org.testng.internal.invokers.TestMethodWorker.run(TestMethodWorker.java:134)
at java.base/java.util.ArrayList.forEach(ArrayList.java:1596)
at org.testng.TestRunner.privateRun(TestRunner.java:739)
at org.testng.TestRunner.run(TestRunner.java:614)
at org.testng.SuiteRunner.runTest(SuiteRunner.java:421)
at org.testng.SuiteRunner.runSequentially(SuiteRunner.java:413)
at org.testng.SuiteRunner.privateRun(SuiteRunner.java:373)
at org.testng.SuiteRunner.run(SuiteRunner.java:312)
at org.testng.SuiteRunnerWorker.runSuite(SuiteRunnerWorker.java:52)
at org.testng.SuiteRunnerWorker.run(SuiteRunnerWorker.java:95)
at org.testng.TestNG.runSuitesSequentially(TestNG.java:1274)
at org.testng.TestNG.runSuitesLocally(TestNG.java:1208)
at org.testng.TestNG.runSuites(TestNG.java:1112)
at org.testng.TestNG.run(TestNG.java:1079)
at org.apache.maven.surefire.testng.TestNGExecutor.run(TestNGExecutor.java:283)
at org.apache.maven.surefire.testng.TestNGXmlTestSuite.execute(TestNGXmlTestSuite.java:75)
at org.apache.maven.surefire.testng.TestNGProvider.invoke(TestNGProvider.java:120)
at org.apache.maven.surefire.booter.ForkedBooter.invokeProviderInSameClassLoader(ForkedBooter.java:384)
at org.apache.maven.surefire.booter.ForkedBooter.runSuitesInProcess(ForkedBooter.java:345)
at org.apache.maven.surefire.booter.ForkedBooter.execute(ForkedBooter.java:126)
at org.apache.maven.surefire.booter.ForkedBooter.main(ForkedBooter.java:418)
]]>
            </full-stacktrace>
          </exception> <!-- org.openqa.selenium.InvalidArgumentException -->
          <reporter-output>
          </reporter-output>
        </test-method> <!-- fileUploadPopup -->
        <test-method is-config="true" signature="teardown()[pri:0, instance:com.automation.Automation2.fileUploadPopup@77167fb7]" started-at="2024-10-04T10:48:19 IST" name="teardown" finished-at="2024-10-04T10:48:19 IST" duration-ms="226" status="PASS">
          <reporter-output>
          </reporter-output>
        </test-method> <!-- teardown -->
      </class> <!-- com.automation.Automation2.fileUploadPopup -->
      <class name="com.automation.Automation2.mouseHover">
        <test-method is-config="true" signature="setup(java.lang.String)[pri:0, instance:com.automation.Automation2.mouseHover@33afa13b]" started-at="2024-10-04T10:49:20 IST" name="setup" finished-at="2024-10-04T10:49:26 IST" duration-ms="5295" status="PASS">
          <params>
            <param index="0">
              <value>
                <![CDATA[chrome]]>
              </value>
            </param>
          </params>
          <reporter-output>
          </reporter-output>
        </test-method> <!-- setup -->
        <test-method signature="mousehover()[pri:0, instance:com.automation.Automation2.mouseHover@33afa13b]" started-at="2024-10-04T10:49:26 IST" name="mousehover" finished-at="2024-10-04T10:49:37 IST" duration-ms="11722" status="PASS">
          <reporter-output>
          </reporter-output>
        </test-method> <!-- mousehover -->
        <test-method is-config="true" signature="teardown()[pri:0, instance:com.automation.Automation2.mouseHover@33afa13b]" started-at="2024-10-04T10:49:37 IST" name="teardown" finished-at="2024-10-04T10:49:38 IST" duration-ms="241" status="PASS">
          <reporter-output>
          </reporter-output>
        </test-method> <!-- teardown -->
      </class> <!-- com.automation.Automation2.mouseHover -->
      <class name="com.automation.Automation2.scrollingToElement">
        <test-method is-config="true" signature="setup(java.lang.String)[pri:0, instance:com.automation.Automation2.scrollingToElement@2ddc8ecb]" started-at="2024-10-04T10:48:36 IST" name="setup" finished-at="2024-10-04T10:48:42 IST" duration-ms="5647" status="PASS">
          <params>
            <param index="0">
              <value>
                <![CDATA[chrome]]>
              </value>
            </param>
          </params>
          <reporter-output>
          </reporter-output>
        </test-method> <!-- setup -->
        <test-method signature="scrollingToElement()[pri:0, instance:com.automation.Automation2.scrollingToElement@2ddc8ecb]" started-at="2024-10-04T10:48:42 IST" name="scrollingToElement" finished-at="2024-10-04T10:48:54 IST" duration-ms="12417" status="PASS">
          <reporter-output>
          </reporter-output>
        </test-method> <!-- scrollingToElement -->
        <test-method is-config="true" signature="teardown()[pri:0, instance:com.automation.Automation2.scrollingToElement@2ddc8ecb]" started-at="2024-10-04T10:48:54 IST" name="teardown" finished-at="2024-10-04T10:48:54 IST" duration-ms="0" status="PASS">
          <reporter-output>
          </reporter-output>
        </test-method> <!-- teardown -->
      </class> <!-- com.automation.Automation2.scrollingToElement -->
      <class name="com.automation.Automation2.dragAndDrop">
        <test-method is-config="true" signature="setup(java.lang.String)[pri:0, instance:com.automation.Automation2.dragAndDrop@124c278f]" started-at="2024-10-04T10:47:22 IST" name="setup" finished-at="2024-10-04T10:47:41 IST" duration-ms="18842" status="PASS">
          <params>
            <param index="0">
              <value>
                <![CDATA[chrome]]>
              </value>
            </param>
          </params>
          <reporter-output>
          </reporter-output>
        </test-method> <!-- setup -->
        <test-method signature="dragAndDrop()[pri:0, instance:com.automation.Automation2.dragAndDrop@124c278f]" started-at="2024-10-04T10:47:41 IST" name="dragAndDrop" finished-at="2024-10-04T10:47:45 IST" duration-ms="3876" status="PASS">
          <reporter-output>
          </reporter-output>
        </test-method> <!-- dragAndDrop -->
        <test-method is-config="true" signature="teardown()[pri:0, instance:com.automation.Automation2.dragAndDrop@124c278f]" started-at="2024-10-04T10:47:45 IST" name="teardown" finished-at="2024-10-04T10:47:45 IST" duration-ms="157" status="PASS">
          <reporter-output>
          </reporter-output>
        </test-method> <!-- teardown -->
      </class> <!-- com.automation.Automation2.dragAndDrop -->
      <class name="com.automation.Automation2.slideBar">
        <test-method is-config="true" signature="setup(java.lang.String)[pri:0, instance:com.automation.Automation2.slideBar@47542153]" started-at="2024-10-04T10:49:06 IST" name="setup" finished-at="2024-10-04T10:49:16 IST" duration-ms="9802" status="PASS">
          <params>
            <param index="0">
              <value>
                <![CDATA[chrome]]>
              </value>
            </param>
          </params>
          <reporter-output>
          </reporter-output>
        </test-method> <!-- setup -->
        <test-method signature="slideBar()[pri:0, instance:com.automation.Automation2.slideBar@47542153]" started-at="2024-10-04T10:49:16 IST" name="slideBar" finished-at="2024-10-04T10:49:20 IST" duration-ms="4255" status="PASS">
          <reporter-output>
          </reporter-output>
        </test-method> <!-- slideBar -->
        <test-method is-config="true" signature="teardown()[pri:0, instance:com.automation.Automation2.slideBar@47542153]" started-at="2024-10-04T10:49:20 IST" name="teardown" finished-at="2024-10-04T10:49:20 IST" duration-ms="293" status="PASS">
          <reporter-output>
          </reporter-output>
        </test-method> <!-- teardown -->
      </class> <!-- com.automation.Automation2.slideBar -->
      <class name="com.automation.Automation2.toolTipUsingMouseHover">
        <test-method is-config="true" signature="setup(java.lang.String)[pri:0, instance:com.automation.Automation2.toolTipUsingMouseHover@6973bf95]" started-at="2024-10-04T10:48:28 IST" name="setup" finished-at="2024-10-04T10:48:33 IST" duration-ms="4476" status="PASS">
          <params>
            <param index="0">
              <value>
                <![CDATA[chrome]]>
              </value>
            </param>
          </params>
          <reporter-output>
          </reporter-output>
        </test-method> <!-- setup -->
        <test-method signature="toolTipUsingMouseHover()[pri:0, instance:com.automation.Automation2.toolTipUsingMouseHover@6973bf95]" started-at="2024-10-04T10:48:33 IST" name="toolTipUsingMouseHover" finished-at="2024-10-04T10:48:36 IST" duration-ms="3401" status="PASS">
          <reporter-output>
          </reporter-output>
        </test-method> <!-- toolTipUsingMouseHover -->
        <test-method is-config="true" signature="teardown()[pri:0, instance:com.automation.Automation2.toolTipUsingMouseHover@6973bf95]" started-at="2024-10-04T10:48:36 IST" name="teardown" finished-at="2024-10-04T10:48:36 IST" duration-ms="162" status="PASS">
          <reporter-output>
          </reporter-output>
        </test-method> <!-- teardown -->
      </class> <!-- com.automation.Automation2.toolTipUsingMouseHover -->
      <class name="com.automation.Automation2.HiddenDivision">
        <test-method is-config="true" signature="setup(java.lang.String)[pri:0, instance:com.automation.Automation2.HiddenDivision@1fe20588]" started-at="2024-10-04T10:48:19 IST" name="setup" finished-at="2024-10-04T10:48:24 IST" duration-ms="4396" status="PASS">
          <params>
            <param index="0">
              <value>
                <![CDATA[chrome]]>
              </value>
            </param>
          </params>
          <reporter-output>
          </reporter-output>
        </test-method> <!-- setup -->
        <test-method signature="HiddenDivision()[pri:0, instance:com.automation.Automation2.HiddenDivision@1fe20588]" started-at="2024-10-04T10:48:24 IST" name="HiddenDivision" finished-at="2024-10-04T10:48:28 IST" duration-ms="4268" status="PASS">
          <reporter-output>
          </reporter-output>
        </test-method> <!-- HiddenDivision -->
        <test-method is-config="true" signature="teardown()[pri:0, instance:com.automation.Automation2.HiddenDivision@1fe20588]" started-at="2024-10-04T10:48:28 IST" name="teardown" finished-at="2024-10-04T10:48:28 IST" duration-ms="232" status="PASS">
          <reporter-output>
          </reporter-output>
        </test-method> <!-- teardown -->
      </class> <!-- com.automation.Automation2.HiddenDivision -->
    </test> <!-- Firefoxtest -->
  </suite> <!-- Suite -->
</testng-results>
