<?xml version="1.0" encoding="UTF-8"?>
<!-- Generated by org.testng.reporters.JUnitReportReporter -->
<testsuite hostname="Testvagrants-MacBook-Pro-3.local" failures="0" tests="2" name="com.automation.Automation2.toolTipUsingMouseHover" time="5.135" errors="0" timestamp="2024-10-03T23:11:57 IST" skipped="0">
  <testcase classname="com.automation.Automation2.toolTipUsingMouseHover" name="toolTipUsingMouseHover" time="1.819"/>
  <testcase classname="com.automation.Automation2.toolTipUsingMouseHover" name="toolTipUsingMouseHover" time="3.316"/>
</testsuite> <!-- com.automation.Automation2.toolTipUsingMouseHover -->
