<?xml version="1.0" encoding="UTF-8"?>
<!-- Generated by org.testng.reporters.JUnitReportReporter -->
<testsuite hostname="Testvagrants-MacBook-Pro-3.local" failures="0" tests="2" name="com.automation.Automation2.HiddenDivision" time="7.076" errors="0" timestamp="2024-10-04T10:49:38 IST" skipped="0">
  <testcase classname="com.automation.Automation2.HiddenDivision" name="HiddenDivision" time="2.808"/>
  <testcase classname="com.automation.Automation2.HiddenDivision" name="HiddenDivision" time="4.268"/>
</testsuite> <!-- com.automation.Automation2.HiddenDivision -->
