<?xml version="1.0" encoding="UTF-8"?>
<!-- Generated by org.testng.reporters.JUnitReportReporter -->
<testsuite hostname="Testvagrants-MacBook-Pro-3.local" failures="0" tests="2" name="com.automation.Automation2.mouseHover" time="16.449" errors="1" timestamp="2024-10-04T10:49:38 IST" skipped="0">
  <testcase classname="com.automation.Automation2.mouseHover" name="mousehover" time="11.722"/>
  <testcase classname="com.automation.Automation2.mouseHover" name="mousehover" time="4.727">
    <error message="Origin element &lt;li&gt; is not displayed
Build info: version: &#039;4.20.0&#039;, revision: &#039;866c76ca80&#039;
System info: os.name: &#039;Mac OS X&#039;, os.arch: &#039;x86_64&#039;, os.version: &#039;15.0&#039;, java.version: &#039;21.0.4&#039;
Driver info: org.openqa.selenium.firefox.FirefoxDriver
Command: [d3fe841c-3ab0-4561-9911-b7a3876dbfc0, actions {actions=[org.openqa.selenium.interactions.Sequence@5e8c34a0]}]
Capabilities {acceptInsecureCerts: true, browserName: firefox, browserVersion: 131.0, moz:accessibilityChecks: false, moz:buildID: 20240923135042, moz:geckodriverVersion: 0.35.0, moz:headless: true, moz:platformVersion: 24.0.0, moz:processID: 4045, moz:profile: /var/folders/hz/1tg112kn46q..., moz:shutdownTimeout: 60000, moz:webdriverClick: true, moz:windowless: false, pageLoadStrategy: normal, platformName: mac, proxy: Proxy(), setWindowRect: true, strictFileInteractability: false, timeouts: {implicit: 0, pageLoad: 300000, script: 30000}, unhandledPromptBehavior: dismiss and notify, userAgent: Mozilla/5.0 (Macintosh; Int...}
Session ID: d3fe841c-3ab0-4561-9911-b7a3876dbfc0" type="org.openqa.selenium.interactions.MoveTargetOutOfBoundsException">
      <![CDATA[org.openqa.selenium.interactions.MoveTargetOutOfBoundsException: Origin element <li> is not displayed
Build info: version: '4.20.0', revision: '866c76ca80'
System info: os.name: 'Mac OS X', os.arch: 'x86_64', os.version: '15.0', java.version: '21.0.4'
Driver info: org.openqa.selenium.firefox.FirefoxDriver
Command: [d3fe841c-3ab0-4561-9911-b7a3876dbfc0, actions {actions=[org.openqa.selenium.interactions.Sequence@5e8c34a0]}]
Capabilities {acceptInsecureCerts: true, browserName: firefox, browserVersion: 131.0, moz:accessibilityChecks: false, moz:buildID: 20240923135042, moz:geckodriverVersion: 0.35.0, moz:headless: true, moz:platformVersion: 24.0.0, moz:processID: 4045, moz:profile: /var/folders/hz/1tg112kn46q..., moz:shutdownTimeout: 60000, moz:webdriverClick: true, moz:windowless: false, pageLoadStrategy: normal, platformName: mac, proxy: Proxy(), setWindowRect: true, strictFileInteractability: false, timeouts: {implicit: 0, pageLoad: 300000, script: 30000}, unhandledPromptBehavior: dismiss and notify, userAgent: Mozilla/5.0 (Macintosh; Int...}
Session ID: d3fe841c-3ab0-4561-9911-b7a3876dbfc0
at java.base/jdk.internal.reflect.DirectConstructorHandleAccessor.newInstance(DirectConstructorHandleAccessor.java:62)
at java.base/java.lang.reflect.Constructor.newInstanceWithCaller(Constructor.java:502)
at java.base/java.lang.reflect.Constructor.newInstance(Constructor.java:486)
at org.openqa.selenium.remote.ErrorCodec.decode(ErrorCodec.java:167)
at org.openqa.selenium.remote.codec.w3c.W3CHttpResponseCodec.decode(W3CHttpResponseCodec.java:138)
at org.openqa.selenium.remote.codec.w3c.W3CHttpResponseCodec.decode(W3CHttpResponseCodec.java:50)
at org.openqa.selenium.remote.HttpCommandExecutor.execute(HttpCommandExecutor.java:190)
at org.openqa.selenium.remote.service.DriverCommandExecutor.invokeExecute(DriverCommandExecutor.java:216)
at org.openqa.selenium.remote.service.DriverCommandExecutor.execute(DriverCommandExecutor.java:174)
at org.openqa.selenium.remote.RemoteWebDriver.execute(RemoteWebDriver.java:518)
at org.openqa.selenium.remote.RemoteWebDriver.perform(RemoteWebDriver.java:604)
at org.openqa.selenium.interactions.Actions$BuiltAction.perform(Actions.java:603)
at org.openqa.selenium.interactions.Actions.perform(Actions.java:568)
at com.automation.Automation2.mouseHover.mousehover(mouseHover.java:29)
at java.base/jdk.internal.reflect.DirectMethodHandleAccessor.invoke(DirectMethodHandleAccessor.java:103)
at java.base/java.lang.reflect.Method.invoke(Method.java:580)
at org.testng.internal.invokers.MethodInvocationHelper.invokeMethod(MethodInvocationHelper.java:141)
at org.testng.internal.invokers.TestInvoker.invokeMethod(TestInvoker.java:686)
at org.testng.internal.invokers.TestInvoker.invokeTestMethod(TestInvoker.java:230)
at org.testng.internal.invokers.MethodRunner.runInSequence(MethodRunner.java:63)
at org.testng.internal.invokers.TestInvoker$MethodInvocationAgent.invoke(TestInvoker.java:992)
at org.testng.internal.invokers.TestInvoker.invokeTestMethods(TestInvoker.java:203)
at org.testng.internal.invokers.TestMethodWorker.invokeTestMethods(TestMethodWorker.java:154)
at org.testng.internal.invokers.TestMethodWorker.run(TestMethodWorker.java:134)
at java.base/java.util.ArrayList.forEach(ArrayList.java:1596)
at org.testng.TestRunner.privateRun(TestRunner.java:739)
at org.testng.TestRunner.run(TestRunner.java:614)
at org.testng.SuiteRunner.runTest(SuiteRunner.java:421)
at org.testng.SuiteRunner.runSequentially(SuiteRunner.java:413)
at org.testng.SuiteRunner.privateRun(SuiteRunner.java:373)
at org.testng.SuiteRunner.run(SuiteRunner.java:312)
at org.testng.SuiteRunnerWorker.runSuite(SuiteRunnerWorker.java:52)
at org.testng.SuiteRunnerWorker.run(SuiteRunnerWorker.java:95)
at org.testng.TestNG.runSuitesSequentially(TestNG.java:1274)
at org.testng.TestNG.runSuitesLocally(TestNG.java:1208)
at org.testng.TestNG.runSuites(TestNG.java:1112)
at org.testng.TestNG.run(TestNG.java:1079)
at org.apache.maven.surefire.testng.TestNGExecutor.run(TestNGExecutor.java:283)
at org.apache.maven.surefire.testng.TestNGXmlTestSuite.execute(TestNGXmlTestSuite.java:75)
at org.apache.maven.surefire.testng.TestNGProvider.invoke(TestNGProvider.java:120)
at org.apache.maven.surefire.booter.ForkedBooter.invokeProviderInSameClassLoader(ForkedBooter.java:384)
at org.apache.maven.surefire.booter.ForkedBooter.runSuitesInProcess(ForkedBooter.java:345)
at org.apache.maven.surefire.booter.ForkedBooter.execute(ForkedBooter.java:126)
at org.apache.maven.surefire.booter.ForkedBooter.main(ForkedBooter.java:418)
]]>
    </error>
  </testcase> <!-- mousehover -->
</testsuite> <!-- com.automation.Automation2.mouseHover -->
